Node v1 server starting...
Node v1 server starting...
Hit the /metrics end point...
Hit the / end point...
Request received from: ::1 (localhost:8080)
Hit the / end point...
Request received from: ::1 (localhost:8080)
Hit the / end point...
Request received from: ::1 (localhost:8080)
Hit the / end point...
Request received from: ::1 (localhost:8080)
Node v1 server starting...
Hit the / end point...
Request received from: ::1 (localhost:8080)
Hit the / end point...
Request received from: ::1 (localhost:8080)
Hit the / end point...
Request received from: ::1 (localhost:8080)
Hit the / end point...
Request received from: ::1 (localhost:8080)
Node v1 server starting...
Node v1 server starting...
Node v1 server starting...
Node v1 server starting...
Node v1 server starting...
Node v1 server starting...
[2021-12-05 15:47:17] Node v1 server starting...
[2021-12-05 15:47:25] Hit the / end point...
[2021-12-05 15:47:25] Request received from: ::1 (localhost:8080)
[2021-12-05 15:47:25] Hit the / end point...
[2021-12-05 15:47:25] Request received from: ::1 (localhost:8080)
[2021-12-05 15:47:39] Hit the / end point...
[2021-12-05 15:47:39] Request received from: ::1 (localhost:8080)
[2021-12-05 15:47:39] Hit the / end point...
[2021-12-05 15:47:39] Request received from: ::1 (localhost:8080)
[2021-12-05 15:47:45] Hit the /metrics end point...
[2021-12-05 15:47:46] Hit the / end point...
[2021-12-05 15:47:46] Request received from: ::1 (localhost:8080)
[2021-12-16 15:19:54] Node v6 server starting...
[2021-12-16 15:19:59] Hit the / end point...
[2021-12-16 15:19:59] Request received from: ::1 (localhost:8080)
[2021-12-16 15:19:59] Hit the / end point...
[2021-12-16 15:19:59] Request received from: ::1 (localhost:8080)
